This file contains any messages produced by compilers while
running configure, to aid debugging if configure makes a mistake.

It was created by libusb configure 1.0.20, which was
generated by GNU Autoconf 2.69.  Invocation command line was

  $ ./configure --prefix=NONE --disable-shared --enable-examples-build

## --------- ##
## Platform. ##
## --------- ##

hostname = D-10-155-95-56.dhcp4.washington.edu
uname -m = x86_64
uname -r = 4.2.3-300.fc23.x86_64
uname -s = Linux
uname -v = #1 SMP Mon Oct 5 15:42:54 UTC 2015

/usr/bin/uname -p = x86_64
/bin/uname -X     = unknown

/bin/arch              = x86_64
/usr/bin/arch -k       = unknown
/usr/convex/getsysinfo = unknown
/usr/bin/hostinfo      = unknown
/bin/machine           = unknown
/usr/bin/oslevel       = unknown
/bin/universe          = unknown

PATH: /home/oliver/anaconda/bin
PATH: /home/oliver/anaconda2/bin
PATH: /home/oliver/anaconda3/bin
PATH: /home/oliver/bin
PATH: /home/oliver/.local/bin
PATH: /home/oliver/anaconda/bin
PATH: /home/oliver/anaconda2/bin
PATH: /home/oliver/anaconda3/bin
PATH: /home/oliver/bin
PATH: /home/oliver/.local/bin
PATH: /home/oliver/anaconda/bin
PATH: /home/oliver/anaconda2/bin
PATH: /home/oliver/anaconda3/bin
PATH: /home/oliver/bin
PATH: /home/oliver/.local/bin
PATH: /usr/lib64/ccache
PATH: /usr/local/bin
PATH: /usr/bin
PATH: /usr/local/sbin
PATH: /usr/sbin
PATH: /home/oliver/.fzf/bin
PATH: /home/oliver/.local/bin
PATH: /home/oliver/bin
PATH: /home/oliver/.local/bin
PATH: /home/oliver/bin


## ----------- ##
## Core tests. ##
## ----------- ##

configure:2560: checking for a BSD-compatible install
configure:2628: result: /usr/bin/install -c
configure:2639: checking whether build environment is sane
configure:2694: result: yes
configure:2845: checking for a thread-safe mkdir -p
configure:2884: result: /usr/bin/mkdir -p
configure:2891: checking for gawk
configure:2907: found /usr/bin/gawk
configure:2918: result: gawk
configure:2929: checking whether make sets $(MAKE)
configure:2951: result: yes
configure:2980: checking whether make supports nested variables
configure:2997: result: yes
configure:3139: checking whether make supports nested variables
configure:3156: result: yes
configure:3217: checking for gcc
configure:3233: found /usr/lib64/ccache/gcc
configure:3244: result: gcc
configure:3473: checking for C compiler version
configure:3482: gcc --version >&5
gcc (GCC) 5.3.1 20160406 (Red Hat 5.3.1-6)
Copyright (C) 2015 Free Software Foundation, Inc.
This is free software; see the source for copying conditions.  There is NO
warranty; not even for MERCHANTABILITY or FITNESS FOR A PARTICULAR PURPOSE.

configure:3493: $? = 0
configure:3482: gcc -v >&5
Using built-in specs.
COLLECT_GCC=/usr/bin/gcc
COLLECT_LTO_WRAPPER=/usr/libexec/gcc/x86_64-redhat-linux/5.3.1/lto-wrapper
Target: x86_64-redhat-linux
Configured with: ../configure --enable-bootstrap --enable-languages=c,c++,objc,obj-c++,fortran,ada,go,lto --prefix=/usr --mandir=/usr/share/man --infodir=/usr/share/info --with-bugurl=http://bugzilla.redhat.com/bugzilla --enable-shared --enable-threads=posix --enable-checking=release --enable-multilib --with-system-zlib --enable-__cxa_atexit --disable-libunwind-exceptions --enable-gnu-unique-object --enable-linker-build-id --with-linker-hash-style=gnu --enable-plugin --enable-initfini-array --disable-libgcj --with-isl --enable-libmpx --enable-gnu-indirect-function --with-tune=generic --with-arch_32=i686 --build=x86_64-redhat-linux
Thread model: posix
gcc version 5.3.1 20160406 (Red Hat 5.3.1-6) (GCC) 
configure:3493: $? = 0
configure:3482: gcc -V >&5
gcc: error: unrecognized command line option '-V'
gcc: fatal error: no input files
compilation terminated.
configure:3493: $? = 1
configure:3482: gcc -qversion >&5
gcc: error: unrecognized command line option '-qversion'
gcc: fatal error: no input files
compilation terminated.
configure:3493: $? = 1
configure:3513: checking whether the C compiler works
configure:3535: gcc    conftest.c  >&5
configure:3539: $? = 0
configure:3587: result: yes
configure:3590: checking for C compiler default output file name
configure:3592: result: a.out
configure:3598: checking for suffix of executables
configure:3605: gcc -o conftest    conftest.c  >&5
configure:3609: $? = 0
configure:3631: result: 
configure:3653: checking whether we are cross compiling
configure:3661: gcc -o conftest    conftest.c  >&5
configure:3665: $? = 0
configure:3672: ./conftest
configure:3676: $? = 0
configure:3691: result: no
configure:3696: checking for suffix of object files
configure:3718: gcc -c   conftest.c >&5
configure:3722: $? = 0
configure:3743: result: o
configure:3747: checking whether we are using the GNU C compiler
configure:3766: gcc -c   conftest.c >&5
configure:3766: $? = 0
configure:3775: result: yes
configure:3784: checking whether gcc accepts -g
configure:3804: gcc -c -g  conftest.c >&5
configure:3804: $? = 0
configure:3845: result: yes
configure:3862: checking for gcc option to accept ISO C89
configure:3925: gcc  -c -g -O2  conftest.c >&5
configure:3925: $? = 0
configure:3938: result: none needed
configure:3963: checking whether gcc understands -c and -o together
configure:3985: gcc -c conftest.c -o conftest2.o
configure:3988: $? = 0
configure:3985: gcc -c conftest.c -o conftest2.o
configure:3988: $? = 0
configure:4000: result: yes
configure:4028: checking for style of include used by make
configure:4056: result: GNU
configure:4082: checking dependency style of gcc
configure:4193: result: gcc3
configure:4266: checking for g++
configure:4282: found /usr/lib64/ccache/g++
configure:4293: result: g++
configure:4320: checking for C++ compiler version
configure:4329: g++ --version >&5
g++ (GCC) 5.3.1 20160406 (Red Hat 5.3.1-6)
Copyright (C) 2015 Free Software Foundation, Inc.
This is free software; see the source for copying conditions.  There is NO
warranty; not even for MERCHANTABILITY or FITNESS FOR A PARTICULAR PURPOSE.

configure:4340: $? = 0
configure:4329: g++ -v >&5
Using built-in specs.
COLLECT_GCC=/usr/bin/g++
COLLECT_LTO_WRAPPER=/usr/libexec/gcc/x86_64-redhat-linux/5.3.1/lto-wrapper
Target: x86_64-redhat-linux
Configured with: ../configure --enable-bootstrap --enable-languages=c,c++,objc,obj-c++,fortran,ada,go,lto --prefix=/usr --mandir=/usr/share/man --infodir=/usr/share/info --with-bugurl=http://bugzilla.redhat.com/bugzilla --enable-shared --enable-threads=posix --enable-checking=release --enable-multilib --with-system-zlib --enable-__cxa_atexit --disable-libunwind-exceptions --enable-gnu-unique-object --enable-linker-build-id --with-linker-hash-style=gnu --enable-plugin --enable-initfini-array --disable-libgcj --with-isl --enable-libmpx --enable-gnu-indirect-function --with-tune=generic --with-arch_32=i686 --build=x86_64-redhat-linux
Thread model: posix
gcc version 5.3.1 20160406 (Red Hat 5.3.1-6) (GCC) 
configure:4340: $? = 0
configure:4329: g++ -V >&5
g++: error: unrecognized command line option '-V'
g++: fatal error: no input files
compilation terminated.
configure:4340: $? = 1
configure:4329: g++ -qversion >&5
g++: error: unrecognized command line option '-qversion'
g++: fatal error: no input files
compilation terminated.
configure:4340: $? = 1
configure:4344: checking whether we are using the GNU C++ compiler
configure:4363: g++ -c -fPIC  conftest.cpp >&5
configure:4363: $? = 0
configure:4372: result: yes
configure:4381: checking whether g++ accepts -g
configure:4401: g++ -c -g  conftest.cpp >&5
configure:4401: $? = 0
configure:4442: result: yes
configure:4467: checking dependency style of g++
configure:4578: result: gcc3
configure:4622: checking build system type
configure:4636: result: x86_64-unknown-linux-gnu
configure:4656: checking host system type
configure:4669: result: x86_64-unknown-linux-gnu
configure:4710: checking how to print strings
configure:4737: result: printf
configure:4758: checking for a sed that does not truncate output
configure:4822: result: /usr/bin/sed
configure:4840: checking for grep that handles long lines and -e
configure:4898: result: /usr/bin/grep
configure:4903: checking for egrep
configure:4965: result: /usr/bin/grep -E
configure:4970: checking for fgrep
configure:5032: result: /usr/bin/grep -F
configure:5067: checking for ld used by gcc
configure:5134: result: /usr/bin/ld
configure:5141: checking if the linker (/usr/bin/ld) is GNU ld
configure:5156: result: yes
configure:5168: checking for BSD- or MS-compatible name lister (nm)
configure:5222: result: /usr/bin/nm -B
configure:5352: checking the name lister (/usr/bin/nm -B) interface
configure:5359: gcc -c -g -O2  conftest.c >&5
configure:5362: /usr/bin/nm -B "conftest.o"
configure:5365: output
0000000000000000 B some_variable
configure:5372: result: BSD nm
configure:5375: checking whether ln -s works
configure:5379: result: yes
configure:5387: checking the maximum length of command line arguments
configure:5518: result: 1572864
configure:5566: checking how to convert x86_64-unknown-linux-gnu file names to x86_64-unknown-linux-gnu format
configure:5606: result: func_convert_file_noop
configure:5613: checking how to convert x86_64-unknown-linux-gnu file names to toolchain format
configure:5633: result: func_convert_file_noop
configure:5640: checking for /usr/bin/ld option to reload object files
configure:5647: result: -r
configure:5721: checking for objdump
configure:5737: found /usr/bin/objdump
configure:5748: result: objdump
configure:5780: checking how to recognize dependent libraries
configure:5980: result: pass_all
configure:6065: checking for dlltool
configure:6095: result: no
configure:6125: checking how to associate runtime and link libraries
configure:6152: result: printf %s\n
configure:6213: checking for ar
configure:6229: found /usr/bin/ar
configure:6240: result: ar
configure:6277: checking for archiver @FILE support
configure:6294: gcc -c -g -O2  conftest.c >&5
configure:6294: $? = 0
configure:6297: ar cru libconftest.a @conftest.lst >&5
ar: `u' modifier ignored since `D' is the default (see `U')
configure:6300: $? = 0
configure:6305: ar cru libconftest.a @conftest.lst >&5
ar: `u' modifier ignored since `D' is the default (see `U')
ar: conftest.o: No such file or directory
configure:6308: $? = 1
configure:6320: result: @
configure:6378: checking for strip
configure:6394: found /usr/bin/strip
configure:6405: result: strip
configure:6477: checking for ranlib
configure:6493: found /usr/bin/ranlib
configure:6504: result: ranlib
configure:6606: checking command to parse /usr/bin/nm -B output from gcc object
configure:6759: gcc -c -g -O2  conftest.c >&5
configure:6762: $? = 0
configure:6766: /usr/bin/nm -B conftest.o \| sed -n -e 's/^.*[ ]\([ABCDGIRSTW][ABCDGIRSTW]*\)[ ][ ]*\([_A-Za-z][_A-Za-z0-9]*\)$/\1 \2 \2/p' | sed '/ __gnu_lto/d' \> conftest.nm
configure:6769: $? = 0
configure:6835: gcc -o conftest -g -O2   conftest.c conftstm.o >&5
configure:6838: $? = 0
configure:6876: result: ok
configure:6923: checking for sysroot
configure:6953: result: no
configure:6960: checking for a working dd
configure:6998: result: /usr/bin/dd
configure:7002: checking how to truncate binary pipes
configure:7017: result: /usr/bin/dd bs=4096 count=1
configure:7153: gcc -c -g -O2  conftest.c >&5
configure:7156: $? = 0
configure:7346: checking for mt
configure:7376: result: no
configure:7396: checking if : is a manifest tool
configure:7402: : '-?'
configure:7410: result: no
configure:8087: checking how to run the C preprocessor
configure:8118: gcc -E  conftest.c
configure:8118: $? = 0
configure:8132: gcc -E  conftest.c
conftest.c:11:28: fatal error: ac_nonexistent.h: No such file or directory
compilation terminated.
configure:8132: $? = 1
configure: failed program was:
| /* confdefs.h */
| #define PACKAGE_NAME "libusb"
| #define PACKAGE_TARNAME "libusb"
| #define PACKAGE_VERSION "1.0.20"
| #define PACKAGE_STRING "libusb 1.0.20"
| #define PACKAGE_BUGREPORT "libusb-devel@lists.sourceforge.net"
| #define PACKAGE_URL "http://libusb.info"
| #define PACKAGE "libusb"
| #define VERSION "1.0.20"
| /* end confdefs.h.  */
| #include <ac_nonexistent.h>
configure:8157: result: gcc -E
configure:8177: gcc -E  conftest.c
configure:8177: $? = 0
configure:8191: gcc -E  conftest.c
conftest.c:11:28: fatal error: ac_nonexistent.h: No such file or directory
compilation terminated.
configure:8191: $? = 1
configure: failed program was:
| /* confdefs.h */
| #define PACKAGE_NAME "libusb"
| #define PACKAGE_TARNAME "libusb"
| #define PACKAGE_VERSION "1.0.20"
| #define PACKAGE_STRING "libusb 1.0.20"
| #define PACKAGE_BUGREPORT "libusb-devel@lists.sourceforge.net"
| #define PACKAGE_URL "http://libusb.info"
| #define PACKAGE "libusb"
| #define VERSION "1.0.20"
| /* end confdefs.h.  */
| #include <ac_nonexistent.h>
configure:8220: checking for ANSI C header files
configure:8240: gcc -c -g -O2  conftest.c >&5
configure:8240: $? = 0
configure:8313: gcc -o conftest -g -O2   conftest.c  >&5
configure:8313: $? = 0
configure:8313: ./conftest
configure:8313: $? = 0
configure:8324: result: yes
configure:8337: checking for sys/types.h
configure:8337: gcc -c -g -O2  conftest.c >&5
configure:8337: $? = 0
configure:8337: result: yes
configure:8337: checking for sys/stat.h
configure:8337: gcc -c -g -O2  conftest.c >&5
configure:8337: $? = 0
configure:8337: result: yes
configure:8337: checking for stdlib.h
configure:8337: gcc -c -g -O2  conftest.c >&5
configure:8337: $? = 0
configure:8337: result: yes
configure:8337: checking for string.h
configure:8337: gcc -c -g -O2  conftest.c >&5
configure:8337: $? = 0
configure:8337: result: yes
configure:8337: checking for memory.h
configure:8337: gcc -c -g -O2  conftest.c >&5
configure:8337: $? = 0
configure:8337: result: yes
configure:8337: checking for strings.h
configure:8337: gcc -c -g -O2  conftest.c >&5
configure:8337: $? = 0
configure:8337: result: yes
configure:8337: checking for inttypes.h
configure:8337: gcc -c -g -O2  conftest.c >&5
configure:8337: $? = 0
configure:8337: result: yes
configure:8337: checking for stdint.h
configure:8337: gcc -c -g -O2  conftest.c >&5
configure:8337: $? = 0
configure:8337: result: yes
configure:8337: checking for unistd.h
configure:8337: gcc -c -g -O2  conftest.c >&5
configure:8337: $? = 0
configure:8337: result: yes
configure:8351: checking for dlfcn.h
configure:8351: gcc -c -g -O2  conftest.c >&5
configure:8351: $? = 0
configure:8351: result: yes
configure:8618: checking for objdir
configure:8633: result: .libs
configure:8897: checking if gcc supports -fno-rtti -fno-exceptions
configure:8915: gcc -c -g -O2  -fno-rtti -fno-exceptions conftest.c >&5
cc1: warning: command line option '-fno-rtti' is valid for C++/ObjC++ but not for C
cc1: warning: command line option '-fno-rtti' is valid for C++/ObjC++ but not for C
configure:8919: $? = 0
configure:8932: result: no
configure:9290: checking for gcc option to produce PIC
configure:9297: result: -fPIC -DPIC
configure:9305: checking if gcc PIC flag -fPIC -DPIC works
configure:9323: gcc -c -g -O2  -fPIC -DPIC -DPIC conftest.c >&5
configure:9327: $? = 0
configure:9340: result: yes
configure:9369: checking if gcc static flag -static works
configure:9397: result: no
configure:9412: checking if gcc supports -c -o file.o
configure:9433: gcc -c -g -O2  -o out/conftest2.o conftest.c >&5
configure:9437: $? = 0
configure:9459: result: yes
configure:9467: checking if gcc supports -c -o file.o
configure:9514: result: yes
configure:9547: checking whether the gcc linker (/usr/bin/ld -m elf_x86_64) supports shared libraries
configure:10806: result: yes
configure:11046: checking dynamic linker characteristics
configure:11627: gcc -o conftest -g -O2   -Wl,-rpath -Wl,/foo conftest.c  >&5
configure:11627: $? = 0
configure:11867: result: GNU/Linux ld.so
configure:11989: checking how to hardcode library paths into programs
configure:12014: result: immediate
configure:12562: checking whether stripping libraries is possible
configure:12567: result: yes
configure:12602: checking if libtool supports shared libraries
configure:12604: result: yes
configure:12607: checking whether to build shared libraries
configure:12632: result: no
configure:12635: checking whether to build static libraries
configure:12639: result: yes
configure:12662: checking how to run the C++ preprocessor
configure:12689: g++ -E  conftest.cpp
configure:12689: $? = 0
configure:12703: g++ -E  conftest.cpp
conftest.cpp:23:28: fatal error: ac_nonexistent.h: No such file or directory
compilation terminated.
configure:12703: $? = 1
configure: failed program was:
| /* confdefs.h */
| #define PACKAGE_NAME "libusb"
| #define PACKAGE_TARNAME "libusb"
| #define PACKAGE_VERSION "1.0.20"
| #define PACKAGE_STRING "libusb 1.0.20"
| #define PACKAGE_BUGREPORT "libusb-devel@lists.sourceforge.net"
| #define PACKAGE_URL "http://libusb.info"
| #define PACKAGE "libusb"
| #define VERSION "1.0.20"
| #define STDC_HEADERS 1
| #define HAVE_SYS_TYPES_H 1
| #define HAVE_SYS_STAT_H 1
| #define HAVE_STDLIB_H 1
| #define HAVE_STRING_H 1
| #define HAVE_MEMORY_H 1
| #define HAVE_STRINGS_H 1
| #define HAVE_INTTYPES_H 1
| #define HAVE_STDINT_H 1
| #define HAVE_UNISTD_H 1
| #define HAVE_DLFCN_H 1
| #define LT_OBJDIR ".libs/"
| /* end confdefs.h.  */
| #include <ac_nonexistent.h>
configure:12728: result: g++ -E
configure:12748: g++ -E  conftest.cpp
configure:12748: $? = 0
configure:12762: g++ -E  conftest.cpp
conftest.cpp:23:28: fatal error: ac_nonexistent.h: No such file or directory
compilation terminated.
configure:12762: $? = 1
configure: failed program was:
| /* confdefs.h */
| #define PACKAGE_NAME "libusb"
| #define PACKAGE_TARNAME "libusb"
| #define PACKAGE_VERSION "1.0.20"
| #define PACKAGE_STRING "libusb 1.0.20"
| #define PACKAGE_BUGREPORT "libusb-devel@lists.sourceforge.net"
| #define PACKAGE_URL "http://libusb.info"
| #define PACKAGE "libusb"
| #define VERSION "1.0.20"
| #define STDC_HEADERS 1
| #define HAVE_SYS_TYPES_H 1
| #define HAVE_SYS_STAT_H 1
| #define HAVE_STDLIB_H 1
| #define HAVE_STRING_H 1
| #define HAVE_MEMORY_H 1
| #define HAVE_STRINGS_H 1
| #define HAVE_INTTYPES_H 1
| #define HAVE_STDINT_H 1
| #define HAVE_UNISTD_H 1
| #define HAVE_DLFCN_H 1
| #define LT_OBJDIR ".libs/"
| /* end confdefs.h.  */
| #include <ac_nonexistent.h>
configure:12924: checking for ld used by g++
configure:12991: result: /usr/bin/ld -m elf_x86_64
configure:12998: checking if the linker (/usr/bin/ld -m elf_x86_64) is GNU ld
configure:13013: result: yes
configure:13068: checking whether the g++ linker (/usr/bin/ld -m elf_x86_64) supports shared libraries
configure:14141: result: yes
configure:14177: g++ -c -fPIC  conftest.cpp >&5
configure:14180: $? = 0
configure:14661: checking for g++ option to produce PIC
configure:14668: result: -fPIC -DPIC
configure:14676: checking if g++ PIC flag -fPIC -DPIC works
configure:14694: g++ -c -fPIC  -fPIC -DPIC -DPIC conftest.cpp >&5
configure:14698: $? = 0
configure:14711: result: yes
configure:14734: checking if g++ static flag -static works
configure:14762: result: no
configure:14774: checking if g++ supports -c -o file.o
configure:14795: g++ -c -fPIC  -o out/conftest2.o conftest.cpp >&5
configure:14799: $? = 0
configure:14821: result: yes
configure:14826: checking if g++ supports -c -o file.o
configure:14873: result: yes
configure:14903: checking whether the g++ linker (/usr/bin/ld -m elf_x86_64) supports shared libraries
configure:14943: result: yes
configure:15084: checking dynamic linker characteristics
configure:15832: result: GNU/Linux ld.so
configure:15897: checking how to hardcode library paths into programs
configure:15922: result: immediate
configure:16026: checking for windres
configure:16056: result: no
configure:16153: checking for inline
configure:16169: gcc -c -g -O2  conftest.c >&5
configure:16169: $? = 0
configure:16177: result: inline
configure:16202: checking operating system
configure:16217: result: Linux
configure:16270: checking for library containing clock_gettime
configure:16301: gcc -o conftest -g -O2   conftest.c  >&5
configure:16301: $? = 0
configure:16318: result: none required
configure:16337: checking libudev.h usability
configure:16337: gcc -c -g -O2  conftest.c >&5
configure:16337: $? = 0
configure:16337: result: yes
configure:16337: checking libudev.h presence
configure:16337: gcc -E  conftest.c
configure:16337: $? = 0
configure:16337: result: yes
configure:16337: checking for libudev.h
configure:16337: result: yes
configure:16349: checking for udev_new in -ludev
configure:16374: gcc -o conftest -g -O2   conftest.c -ludev   >&5
configure:16374: $? = 0
configure:16383: result: yes
configure:16449: checking poll.h usability
configure:16449: gcc -c -g -O2  conftest.c >&5
configure:16449: $? = 0
configure:16449: result: yes
configure:16449: checking poll.h presence
configure:16449: gcc -E  conftest.c
configure:16449: $? = 0
configure:16449: result: yes
configure:16449: checking for poll.h
configure:16449: result: yes
configure:16682: checking sys/timerfd.h usability
configure:16682: gcc -c -g -O2  conftest.c >&5
configure:16682: $? = 0
configure:16682: result: yes
configure:16682: checking sys/timerfd.h presence
configure:16682: gcc -E  conftest.c
configure:16682: $? = 0
configure:16682: result: yes
configure:16682: checking for sys/timerfd.h
configure:16682: result: yes
configure:16702: checking whether TFD_NONBLOCK is declared
configure:16702: gcc -c -g -O2  conftest.c >&5
configure:16702: $? = 0
configure:16702: result: yes
configure:16714: checking whether to use timerfd for timing
configure:16721: result: yes
configure:16732: checking for struct timespec
configure:16732: gcc -c -g -O2  conftest.c >&5
configure:16732: $? = 0
configure:16732: gcc -c -g -O2  conftest.c >&5
conftest.c: In function 'main':
conftest.c:68:30: error: expected expression before ')' token
 if (sizeof ((struct timespec)))
                              ^
configure:16732: $? = 1
configure: failed program was:
| /* confdefs.h */
| #define PACKAGE_NAME "libusb"
| #define PACKAGE_TARNAME "libusb"
| #define PACKAGE_VERSION "1.0.20"
| #define PACKAGE_STRING "libusb 1.0.20"
| #define PACKAGE_BUGREPORT "libusb-devel@lists.sourceforge.net"
| #define PACKAGE_URL "http://libusb.info"
| #define PACKAGE "libusb"
| #define VERSION "1.0.20"
| #define STDC_HEADERS 1
| #define HAVE_SYS_TYPES_H 1
| #define HAVE_SYS_STAT_H 1
| #define HAVE_STDLIB_H 1
| #define HAVE_STRING_H 1
| #define HAVE_MEMORY_H 1
| #define HAVE_STRINGS_H 1
| #define HAVE_INTTYPES_H 1
| #define HAVE_STDINT_H 1
| #define HAVE_UNISTD_H 1
| #define HAVE_DLFCN_H 1
| #define LT_OBJDIR ".libs/"
| #define _GNU_SOURCE 1
| #define OS_LINUX 1
| #define HAVE_LIBUDEV_H 1
| #define HAVE_LIBUDEV 1
| #define USE_UDEV 1
| #define HAVE_POLL_H 1
| #define POLL_NFDS_TYPE nfds_t
| #define THREADS_POSIX 1
| #define USBI_TIMERFD_AVAILABLE 1
| /* end confdefs.h.  */
| #include <stdio.h>
| #ifdef HAVE_SYS_TYPES_H
| # include <sys/types.h>
| #endif
| #ifdef HAVE_SYS_STAT_H
| # include <sys/stat.h>
| #endif
| #ifdef STDC_HEADERS
| # include <stdlib.h>
| # include <stddef.h>
| #else
| # ifdef HAVE_STDLIB_H
| #  include <stdlib.h>
| # endif
| #endif
| #ifdef HAVE_STRING_H
| # if !defined STDC_HEADERS && defined HAVE_MEMORY_H
| #  include <memory.h>
| # endif
| # include <string.h>
| #endif
| #ifdef HAVE_STRINGS_H
| # include <strings.h>
| #endif
| #ifdef HAVE_INTTYPES_H
| # include <inttypes.h>
| #endif
| #ifdef HAVE_STDINT_H
| # include <stdint.h>
| #endif
| #ifdef HAVE_UNISTD_H
| # include <unistd.h>
| #endif
| int
| main ()
| {
| if (sizeof ((struct timespec)))
| 	    return 0;
|   ;
|   return 0;
| }
configure:16732: result: yes
configure:16786: checking syslog.h usability
configure:16786: gcc -c -g -O2  conftest.c >&5
configure:16786: $? = 0
configure:16786: result: yes
configure:16786: checking syslog.h presence
configure:16786: gcc -E  conftest.c
configure:16786: $? = 0
configure:16786: result: yes
configure:16786: checking for syslog.h
configure:16786: result: yes
configure:16796: checking for syslog
configure:16796: gcc -o conftest -g -O2   conftest.c -ludev  -pthread >&5
configure:16796: $? = 0
configure:16796: result: yes
configure:16858: gcc -c -g -O2 -Werror -fvisibility=hidden  conftest.c >&5
configure:16858: $? = 0
configure:16886: gcc -c -g -O2 -Wno-pointer-sign  conftest.c >&5
configure:16886: $? = 0
configure:16895: checking for sigaction
configure:16895: gcc -o conftest -g -O2   conftest.c -ludev  -pthread >&5
configure:16895: $? = 0
configure:16895: result: yes
configure:16914: checking sys/time.h usability
configure:16914: gcc -c -g -O2  conftest.c >&5
configure:16914: $? = 0
configure:16914: result: yes
configure:16914: checking sys/time.h presence
configure:16914: gcc -E  conftest.c
configure:16914: $? = 0
configure:16914: result: yes
configure:16914: checking for sys/time.h
configure:16914: result: yes
configure:16926: checking for gettimeofday
configure:16926: gcc -o conftest -g -O2   conftest.c -ludev  -pthread >&5
configure:16926: $? = 0
configure:16926: result: yes
configure:16937: checking signal.h usability
configure:16937: gcc -c -g -O2  conftest.c >&5
configure:16937: $? = 0
configure:16937: result: yes
configure:16937: checking signal.h presence
configure:16937: gcc -E  conftest.c
configure:16937: $? = 0
configure:16937: result: yes
configure:16937: checking for signal.h
configure:16937: result: yes
configure:16951: checking whether CC supports -std=gnu99
configure:16964: gcc -c -std=gnu99  conftest.c >&5
configure:16964: $? = 0
configure:16965: result: yes
configure:17104: checking that generated files are newer than configure
configure:17110: result: done
configure:17189: creating ./config.status

## ---------------------- ##
## Running config.status. ##
## ---------------------- ##

This file was extended by libusb config.status 1.0.20, which was
generated by GNU Autoconf 2.69.  Invocation command line was

  CONFIG_FILES    = 
  CONFIG_HEADERS  = 
  CONFIG_LINKS    = 
  CONFIG_COMMANDS = 
  $ ./config.status 

on D-10-155-95-56.dhcp4.washington.edu

config.status:1257: creating libusb-1.0.pc
config.status:1257: creating Makefile
config.status:1257: creating libusb-1.0/Makefile
config.status:1257: creating examples/Makefile
config.status:1257: creating tests/Makefile
config.status:1257: creating doc/Makefile
config.status:1257: creating doc/doxygen.cfg
config.status:1257: creating config.h
config.status:1438: config.h is unchanged
config.status:1486: executing depfiles commands
config.status:1486: executing libtool commands

## ---------------- ##
## Cache variables. ##
## ---------------- ##

ac_cv_build=x86_64-unknown-linux-gnu
ac_cv_c_compiler_gnu=yes
ac_cv_c_inline=inline
ac_cv_cxx_compiler_gnu=yes
ac_cv_env_CCC_set=
ac_cv_env_CCC_value=
ac_cv_env_CC_set=
ac_cv_env_CC_value=
ac_cv_env_CFLAGS_set=
ac_cv_env_CFLAGS_value=
ac_cv_env_CPPFLAGS_set=
ac_cv_env_CPPFLAGS_value=
ac_cv_env_CPP_set=
ac_cv_env_CPP_value=
ac_cv_env_CXXCPP_set=
ac_cv_env_CXXCPP_value=
ac_cv_env_CXXFLAGS_set=set
ac_cv_env_CXXFLAGS_value=-fPIC
ac_cv_env_CXX_set=
ac_cv_env_CXX_value=
ac_cv_env_LDFLAGS_set=
ac_cv_env_LDFLAGS_value=
ac_cv_env_LIBS_set=
ac_cv_env_LIBS_value=
ac_cv_env_LT_SYS_LIBRARY_PATH_set=
ac_cv_env_LT_SYS_LIBRARY_PATH_value=
ac_cv_env_build_alias_set=
ac_cv_env_build_alias_value=
ac_cv_env_host_alias_set=
ac_cv_env_host_alias_value=
ac_cv_env_target_alias_set=
ac_cv_env_target_alias_value=
ac_cv_func_gettimeofday=yes
ac_cv_func_sigaction=yes
ac_cv_func_syslog=yes
ac_cv_have_decl_TFD_NONBLOCK=yes
ac_cv_header_dlfcn_h=yes
ac_cv_header_inttypes_h=yes
ac_cv_header_libudev_h=yes
ac_cv_header_memory_h=yes
ac_cv_header_poll_h=yes
ac_cv_header_signal_h=yes
ac_cv_header_stdc=yes
ac_cv_header_stdint_h=yes
ac_cv_header_stdlib_h=yes
ac_cv_header_string_h=yes
ac_cv_header_strings_h=yes
ac_cv_header_sys_stat_h=yes
ac_cv_header_sys_time_h=yes
ac_cv_header_sys_timerfd_h=yes
ac_cv_header_sys_types_h=yes
ac_cv_header_syslog_h=yes
ac_cv_header_unistd_h=yes
ac_cv_host=x86_64-unknown-linux-gnu
ac_cv_lib_udev_udev_new=yes
ac_cv_objext=o
ac_cv_path_EGREP='/usr/bin/grep -E'
ac_cv_path_FGREP='/usr/bin/grep -F'
ac_cv_path_GREP=/usr/bin/grep
ac_cv_path_SED=/usr/bin/sed
ac_cv_path_install='/usr/bin/install -c'
ac_cv_path_lt_DD=/usr/bin/dd
ac_cv_path_mkdir=/usr/bin/mkdir
ac_cv_prog_AWK=gawk
ac_cv_prog_CPP='gcc -E'
ac_cv_prog_CXXCPP='g++ -E'
ac_cv_prog_ac_ct_AR=ar
ac_cv_prog_ac_ct_CC=gcc
ac_cv_prog_ac_ct_CXX=g++
ac_cv_prog_ac_ct_OBJDUMP=objdump
ac_cv_prog_ac_ct_RANLIB=ranlib
ac_cv_prog_ac_ct_STRIP=strip
ac_cv_prog_cc_c89=
ac_cv_prog_cc_g=yes
ac_cv_prog_cxx_g=yes
ac_cv_prog_make_make_set=yes
ac_cv_search_clock_gettime='none required'
ac_cv_type_struct_timespec=yes
am_cv_CC_dependencies_compiler_type=gcc3
am_cv_CXX_dependencies_compiler_type=gcc3
am_cv_make_support_nested_variables=yes
am_cv_prog_cc_c_o=yes
lt_cv_ar_at_file=@
lt_cv_deplibs_check_method=pass_all
lt_cv_file_magic_cmd='$MAGIC_CMD'
lt_cv_file_magic_test_file=
lt_cv_ld_reload_flag=-r
lt_cv_nm_interface='BSD nm'
lt_cv_objdir=.libs
lt_cv_path_LD=/usr/bin/ld
lt_cv_path_LDCXX='/usr/bin/ld -m elf_x86_64'
lt_cv_path_NM='/usr/bin/nm -B'
lt_cv_path_mainfest_tool=no
lt_cv_prog_compiler_c_o=yes
lt_cv_prog_compiler_c_o_CXX=yes
lt_cv_prog_compiler_c_o_RC=yes
lt_cv_prog_compiler_pic='-fPIC -DPIC'
lt_cv_prog_compiler_pic_CXX='-fPIC -DPIC'
lt_cv_prog_compiler_pic_works=yes
lt_cv_prog_compiler_pic_works_CXX=yes
lt_cv_prog_compiler_rtti_exceptions=no
lt_cv_prog_compiler_static_works=no
lt_cv_prog_compiler_static_works_CXX=no
lt_cv_prog_gnu_ld=yes
lt_cv_prog_gnu_ldcxx=yes
lt_cv_sharedlib_from_linklib_cmd='printf %s\n'
lt_cv_shlibpath_overrides_runpath=no
lt_cv_sys_global_symbol_pipe='sed -n -e '\''s/^.*[	 ]\([ABCDGIRSTW][ABCDGIRSTW]*\)[	 ][	 ]*\([_A-Za-z][_A-Za-z0-9]*\)$/\1 \2 \2/p'\'' | sed '\''/ __gnu_lto/d'\'''
lt_cv_sys_global_symbol_to_c_name_address='sed -n -e '\''s/^: \(.*\) .*$/  {"\1", (void *) 0},/p'\'' -e '\''s/^[ABCDGIRSTW][ABCDGIRSTW]* .* \(.*\)$/  {"\1", (void *) \&\1},/p'\'''
lt_cv_sys_global_symbol_to_c_name_address_lib_prefix='sed -n -e '\''s/^: \(.*\) .*$/  {"\1", (void *) 0},/p'\'' -e '\''s/^[ABCDGIRSTW][ABCDGIRSTW]* .* \(lib.*\)$/  {"\1", (void *) \&\1},/p'\'' -e '\''s/^[ABCDGIRSTW][ABCDGIRSTW]* .* \(.*\)$/  {"lib\1", (void *) \&\1},/p'\'''
lt_cv_sys_global_symbol_to_cdecl='sed -n -e '\''s/^T .* \(.*\)$/extern int \1();/p'\'' -e '\''s/^[ABCDGIRSTW][ABCDGIRSTW]* .* \(.*\)$/extern char \1;/p'\'''
lt_cv_sys_global_symbol_to_import=
lt_cv_sys_max_cmd_len=1572864
lt_cv_to_host_file_cmd=func_convert_file_noop
lt_cv_to_tool_file_cmd=func_convert_file_noop
lt_cv_truncate_bin='/usr/bin/dd bs=4096 count=1'

## ----------------- ##
## Output variables. ##
## ----------------- ##

ACLOCAL='${SHELL} /home/oliver/dev/oacapture-1.0.0/missing aclocal-1.15'
AMDEPBACKSLASH='\'
AMDEP_FALSE='#'
AMDEP_TRUE=''
AMTAR='$${TAR-tar}'
AM_BACKSLASH='\'
AM_CFLAGS=' -std=gnu99 -Wall -Wundef -Wunused -Wstrict-prototypes -Werror-implicit-function-declaration -Wno-pointer-sign -Wshadow -pthread -fvisibility=hidden'
AM_DEFAULT_V='$(AM_DEFAULT_VERBOSITY)'
AM_DEFAULT_VERBOSITY='0'
AM_V='$(V)'
AR='ar'
AUTOCONF='${SHELL} /home/oliver/dev/oacapture-1.0.0/missing autoconf'
AUTOHEADER='${SHELL} /home/oliver/dev/oacapture-1.0.0/missing autoheader'
AUTOMAKE='${SHELL} /home/oliver/dev/oacapture-1.0.0/missing automake-1.15'
AWK='gawk'
BUILD_EXAMPLES_FALSE='#'
BUILD_EXAMPLES_TRUE=''
BUILD_TESTS_FALSE=''
BUILD_TESTS_TRUE='#'
CC='gcc'
CCDEPMODE='depmode=gcc3'
CFLAGS='-g -O2'
CPP='gcc -E'
CPPFLAGS=''
CREATE_IMPORT_LIB_FALSE=''
CREATE_IMPORT_LIB_TRUE='#'
CXX='g++'
CXXCPP='g++ -E'
CXXDEPMODE='depmode=gcc3'
CXXFLAGS='-fPIC'
CYGPATH_W='echo'
DEFS='-DHAVE_CONFIG_H'
DEPDIR='.deps'
DLLTOOL='false'
DSYMUTIL=''
DUMPBIN=''
ECHO_C=''
ECHO_N='-n'
ECHO_T=''
EGREP='/usr/bin/grep -E'
EXEEXT=''
FGREP='/usr/bin/grep -F'
GREP='/usr/bin/grep'
HAVE_SIGACTION_FALSE='#'
HAVE_SIGACTION_TRUE=''
INSTALL_DATA='${INSTALL} -m 644'
INSTALL_PROGRAM='${INSTALL}'
INSTALL_SCRIPT='${INSTALL}'
INSTALL_STRIP_PROGRAM='$(install_sh) -c -s'
LD='/usr/bin/ld -m elf_x86_64'
LDFLAGS=''
LIBOBJS=''
LIBS='-ludev  -pthread'
LIBTOOL='$(SHELL) $(top_builddir)/libtool'
LIPO=''
LN_S='ln -s'
LTLDFLAGS='-version-info 1:0:1 -no-undefined'
LTLIBOBJS=''
LT_SYS_LIBRARY_PATH=''
MAKEINFO='${SHELL} /home/oliver/dev/oacapture-1.0.0/missing makeinfo'
MANIFEST_TOOL=':'
MKDIR_P='/usr/bin/mkdir -p'
NM='/usr/bin/nm -B'
NMEDIT=''
OBJDUMP='objdump'
OBJEXT='o'
OS_DARWIN=''
OS_DARWIN_FALSE=''
OS_DARWIN_TRUE='#'
OS_HAIKU=''
OS_HAIKU_FALSE=''
OS_HAIKU_TRUE='#'
OS_LINUX=''
OS_LINUX_FALSE='#'
OS_LINUX_TRUE=''
OS_NETBSD=''
OS_NETBSD_FALSE=''
OS_NETBSD_TRUE='#'
OS_OPENBSD=''
OS_OPENBSD_FALSE=''
OS_OPENBSD_TRUE='#'
OS_WINDOWS=''
OS_WINDOWS_FALSE=''
OS_WINDOWS_TRUE='#'
OTOOL64=''
OTOOL=''
PACKAGE='libusb'
PACKAGE_BUGREPORT='libusb-devel@lists.sourceforge.net'
PACKAGE_NAME='libusb'
PACKAGE_STRING='libusb 1.0.20'
PACKAGE_TARNAME='libusb'
PACKAGE_URL='http://libusb.info'
PACKAGE_VERSION='1.0.20'
PATH_SEPARATOR=':'
RANLIB='ranlib'
RC=''
SED='/usr/bin/sed'
SET_MAKE=''
SHELL='/bin/sh'
STRIP='strip'
THREADS_POSIX_FALSE='#'
THREADS_POSIX_TRUE=''
USE_UDEV=''
USE_UDEV_FALSE='#'
USE_UDEV_TRUE=''
USE_USBDK=''
USE_USBDK_FALSE=''
USE_USBDK_TRUE='#'
VERSION='1.0.20'
ac_ct_AR='ar'
ac_ct_CC='gcc'
ac_ct_CXX='g++'
ac_ct_DUMPBIN=''
am__EXEEXT_FALSE=''
am__EXEEXT_TRUE='#'
am__fastdepCC_FALSE='#'
am__fastdepCC_TRUE=''
am__fastdepCXX_FALSE='#'
am__fastdepCXX_TRUE=''
am__include='include'
am__isrc=''
am__leading_dot='.'
am__nodep='_no'
am__quote=''
am__tar='$${TAR-tar} chof - "$$tardir"'
am__untar='$${TAR-tar} xf -'
bindir='${exec_prefix}/bin'
build='x86_64-unknown-linux-gnu'
build_alias=''
build_cpu='x86_64'
build_os='linux-gnu'
build_vendor='unknown'
datadir='${datarootdir}'
datarootdir='${prefix}/share'
docdir='${datarootdir}/doc/${PACKAGE_TARNAME}'
dvidir='${docdir}'
exec_prefix='${prefix}'
host='x86_64-unknown-linux-gnu'
host_alias=''
host_cpu='x86_64'
host_os='linux-gnu'
host_vendor='unknown'
htmldir='${docdir}'
includedir='${prefix}/include'
infodir='${datarootdir}/info'
install_sh='${SHELL} /home/oliver/dev/oacapture-1.0.0/install-sh'
libdir='${exec_prefix}/lib'
libexecdir='${exec_prefix}/libexec'
localedir='${datarootdir}/locale'
localstatedir='${prefix}/var'
mandir='${datarootdir}/man'
mkdir_p='$(MKDIR_P)'
oldincludedir='/usr/include'
pdfdir='${docdir}'
prefix='/usr/local'
program_transform_name='s,x,x,'
psdir='${docdir}'
sbindir='${exec_prefix}/sbin'
sharedstatedir='${prefix}/com'
sysconfdir='${prefix}/etc'
target_alias=''

## ----------- ##
## confdefs.h. ##
## ----------- ##

/* confdefs.h */
#define PACKAGE_NAME "libusb"
#define PACKAGE_TARNAME "libusb"
#define PACKAGE_VERSION "1.0.20"
#define PACKAGE_STRING "libusb 1.0.20"
#define PACKAGE_BUGREPORT "libusb-devel@lists.sourceforge.net"
#define PACKAGE_URL "http://libusb.info"
#define PACKAGE "libusb"
#define VERSION "1.0.20"
#define STDC_HEADERS 1
#define HAVE_SYS_TYPES_H 1
#define HAVE_SYS_STAT_H 1
#define HAVE_STDLIB_H 1
#define HAVE_STRING_H 1
#define HAVE_MEMORY_H 1
#define HAVE_STRINGS_H 1
#define HAVE_INTTYPES_H 1
#define HAVE_STDINT_H 1
#define HAVE_UNISTD_H 1
#define HAVE_DLFCN_H 1
#define LT_OBJDIR ".libs/"
#define _GNU_SOURCE 1
#define OS_LINUX 1
#define HAVE_LIBUDEV_H 1
#define HAVE_LIBUDEV 1
#define USE_UDEV 1
#define HAVE_POLL_H 1
#define POLL_NFDS_TYPE nfds_t
#define THREADS_POSIX 1
#define USBI_TIMERFD_AVAILABLE 1
#define HAVE_STRUCT_TIMESPEC 1
#define ENABLE_LOGGING 1
#define HAVE_SYSLOG_H 1
#define HAVE_SYSLOG_FUNC 1
#define DEFAULT_VISIBILITY __attribute__((visibility("default")))
#define HAVE_SYS_TIME_H 1
#define HAVE_GETTIMEOFDAY 1
#define HAVE_SIGNAL_H 1

configure: exit 0
