This file contains any messages produced by compilers while
running configure, to aid debugging if configure makes a mistake.

It was created by libdc1394 configure 2.2.4, which was
generated by GNU Autoconf 2.69.  Invocation command line was

  $ ./configure --prefix=NONE --disable-shared --disable-sdltest --disable-examples --disable-shared

## --------- ##
## Platform. ##
## --------- ##

hostname = D-10-155-95-56.dhcp4.washington.edu
uname -m = x86_64
uname -r = 4.2.3-300.fc23.x86_64
uname -s = Linux
uname -v = #1 SMP Mon Oct 5 15:42:54 UTC 2015

/usr/bin/uname -p = x86_64
/bin/uname -X     = unknown

/bin/arch              = x86_64
/usr/bin/arch -k       = unknown
/usr/convex/getsysinfo = unknown
/usr/bin/hostinfo      = unknown
/bin/machine           = unknown
/usr/bin/oslevel       = unknown
/bin/universe          = unknown

PATH: /home/oliver/anaconda/bin
PATH: /home/oliver/anaconda2/bin
PATH: /home/oliver/anaconda3/bin
PATH: /home/oliver/bin
PATH: /home/oliver/.local/bin
PATH: /home/oliver/anaconda/bin
PATH: /home/oliver/anaconda2/bin
PATH: /home/oliver/anaconda3/bin
PATH: /home/oliver/bin
PATH: /home/oliver/.local/bin
PATH: /home/oliver/anaconda/bin
PATH: /home/oliver/anaconda2/bin
PATH: /home/oliver/anaconda3/bin
PATH: /home/oliver/bin
PATH: /home/oliver/.local/bin
PATH: /usr/lib64/ccache
PATH: /usr/local/bin
PATH: /usr/bin
PATH: /usr/local/sbin
PATH: /usr/sbin
PATH: /home/oliver/.fzf/bin
PATH: /home/oliver/.local/bin
PATH: /home/oliver/bin
PATH: /home/oliver/.local/bin
PATH: /home/oliver/bin


## ----------- ##
## Core tests. ##
## ----------- ##

configure:2469: checking build system type
configure:2483: result: x86_64-unknown-linux-gnu
configure:2503: checking host system type
configure:2516: result: x86_64-unknown-linux-gnu
configure:2536: checking target system type
configure:2549: result: x86_64-unknown-linux-gnu
configure:2994: checking for doxygen
configure:3012: found /usr/bin/doxygen
configure:3024: result: /usr/bin/doxygen
configure:3100: checking for perl
configure:3118: found /usr/bin/perl
configure:3130: result: /usr/bin/perl
configure:4864: checking for gcc
configure:4880: found /usr/lib64/ccache/gcc
configure:4891: result: gcc
configure:5120: checking for C compiler version
configure:5129: gcc --version >&5
gcc (GCC) 5.3.1 20160406 (Red Hat 5.3.1-6)
Copyright (C) 2015 Free Software Foundation, Inc.
This is free software; see the source for copying conditions.  There is NO
warranty; not even for MERCHANTABILITY or FITNESS FOR A PARTICULAR PURPOSE.

configure:5140: $? = 0
configure:5129: gcc -v >&5
Using built-in specs.
COLLECT_GCC=/usr/bin/gcc
COLLECT_LTO_WRAPPER=/usr/libexec/gcc/x86_64-redhat-linux/5.3.1/lto-wrapper
Target: x86_64-redhat-linux
Configured with: ../configure --enable-bootstrap --enable-languages=c,c++,objc,obj-c++,fortran,ada,go,lto --prefix=/usr --mandir=/usr/share/man --infodir=/usr/share/info --with-bugurl=http://bugzilla.redhat.com/bugzilla --enable-shared --enable-threads=posix --enable-checking=release --enable-multilib --with-system-zlib --enable-__cxa_atexit --disable-libunwind-exceptions --enable-gnu-unique-object --enable-linker-build-id --with-linker-hash-style=gnu --enable-plugin --enable-initfini-array --disable-libgcj --with-isl --enable-libmpx --enable-gnu-indirect-function --with-tune=generic --with-arch_32=i686 --build=x86_64-redhat-linux
Thread model: posix
gcc version 5.3.1 20160406 (Red Hat 5.3.1-6) (GCC) 
configure:5140: $? = 0
configure:5129: gcc -V >&5
gcc: error: unrecognized command line option '-V'
gcc: fatal error: no input files
compilation terminated.
configure:5140: $? = 1
configure:5129: gcc -qversion >&5
gcc: error: unrecognized command line option '-qversion'
gcc: fatal error: no input files
compilation terminated.
configure:5140: $? = 1
configure:5160: checking whether the C compiler works
configure:5182: gcc    conftest.c  >&5
configure:5186: $? = 0
configure:5234: result: yes
configure:5237: checking for C compiler default output file name
configure:5239: result: a.out
configure:5245: checking for suffix of executables
configure:5252: gcc -o conftest    conftest.c  >&5
configure:5256: $? = 0
configure:5278: result: 
configure:5300: checking whether we are cross compiling
configure:5308: gcc -o conftest    conftest.c  >&5
configure:5312: $? = 0
configure:5319: ./conftest
configure:5323: $? = 0
configure:5338: result: no
configure:5343: checking for suffix of object files
configure:5365: gcc -c   conftest.c >&5
configure:5369: $? = 0
configure:5390: result: o
configure:5394: checking whether we are using the GNU C compiler
configure:5413: gcc -c   conftest.c >&5
configure:5413: $? = 0
configure:5422: result: yes
configure:5431: checking whether gcc accepts -g
configure:5451: gcc -c -g  conftest.c >&5
configure:5451: $? = 0
configure:5492: result: yes
configure:5509: checking for gcc option to accept ISO C89
configure:5572: gcc  -c -g -O2  conftest.c >&5
configure:5572: $? = 0
configure:5585: result: none needed
configure:5610: checking whether gcc understands -c and -o together
configure:5632: gcc -c conftest.c -o conftest2.o
configure:5635: $? = 0
configure:5632: gcc -c conftest.c -o conftest2.o
configure:5635: $? = 0
configure:5647: result: yes
configure:5714: checking for ar
configure:5730: found /usr/bin/ar
configure:5741: result: ar
configure:5767: checking the archiver (ar) interface
configure:5783: gcc -c -g -O2  conftest.c >&5
configure:5783: $? = 0
configure:5785: ar cru libconftest.a conftest.o >&5
ar: `u' modifier ignored since `D' is the default (see `U')
configure:5788: $? = 0
configure:5816: result: ar
configure:5852: checking for a BSD-compatible install
configure:5920: result: /usr/bin/install -c
configure:5931: checking whether build environment is sane
configure:5986: result: yes
configure:6134: checking for a thread-safe mkdir -p
configure:6173: result: /usr/bin/mkdir -p
configure:6180: checking for gawk
configure:6196: found /usr/bin/gawk
configure:6207: result: gawk
configure:6218: checking whether make sets $(MAKE)
configure:6240: result: yes
configure:6270: checking for style of include used by make
configure:6298: result: GNU
configure:6332: checking whether make supports nested variables
configure:6349: result: yes
configure:6434: checking dependency style of gcc
configure:6545: result: gcc3
configure:6654: checking for gcc
configure:6681: result: gcc
configure:6910: checking for C compiler version
configure:6919: gcc --version >&5
gcc (GCC) 5.3.1 20160406 (Red Hat 5.3.1-6)
Copyright (C) 2015 Free Software Foundation, Inc.
This is free software; see the source for copying conditions.  There is NO
warranty; not even for MERCHANTABILITY or FITNESS FOR A PARTICULAR PURPOSE.

configure:6930: $? = 0
configure:6919: gcc -v >&5
Using built-in specs.
COLLECT_GCC=/usr/bin/gcc
COLLECT_LTO_WRAPPER=/usr/libexec/gcc/x86_64-redhat-linux/5.3.1/lto-wrapper
Target: x86_64-redhat-linux
Configured with: ../configure --enable-bootstrap --enable-languages=c,c++,objc,obj-c++,fortran,ada,go,lto --prefix=/usr --mandir=/usr/share/man --infodir=/usr/share/info --with-bugurl=http://bugzilla.redhat.com/bugzilla --enable-shared --enable-threads=posix --enable-checking=release --enable-multilib --with-system-zlib --enable-__cxa_atexit --disable-libunwind-exceptions --enable-gnu-unique-object --enable-linker-build-id --with-linker-hash-style=gnu --enable-plugin --enable-initfini-array --disable-libgcj --with-isl --enable-libmpx --enable-gnu-indirect-function --with-tune=generic --with-arch_32=i686 --build=x86_64-redhat-linux
Thread model: posix
gcc version 5.3.1 20160406 (Red Hat 5.3.1-6) (GCC) 
configure:6930: $? = 0
configure:6919: gcc -V >&5
gcc: error: unrecognized command line option '-V'
gcc: fatal error: no input files
compilation terminated.
configure:6930: $? = 1
configure:6919: gcc -qversion >&5
gcc: error: unrecognized command line option '-qversion'
gcc: fatal error: no input files
compilation terminated.
configure:6930: $? = 1
configure:6934: checking whether we are using the GNU C compiler
configure:6962: result: yes
configure:6971: checking whether gcc accepts -g
configure:7032: result: yes
configure:7049: checking for gcc option to accept ISO C89
configure:7125: result: none needed
configure:7150: checking whether gcc understands -c and -o together
configure:7187: result: yes
configure:7250: checking how to print strings
configure:7277: result: printf
configure:7298: checking for a sed that does not truncate output
configure:7362: result: /usr/bin/sed
configure:7380: checking for grep that handles long lines and -e
configure:7438: result: /usr/bin/grep
configure:7443: checking for egrep
configure:7505: result: /usr/bin/grep -E
configure:7510: checking for fgrep
configure:7572: result: /usr/bin/grep -F
configure:7607: checking for ld used by gcc
configure:7674: result: /usr/bin/ld
configure:7681: checking if the linker (/usr/bin/ld) is GNU ld
configure:7696: result: yes
configure:7708: checking for BSD- or MS-compatible name lister (nm)
configure:7762: result: /usr/bin/nm -B
configure:7892: checking the name lister (/usr/bin/nm -B) interface
configure:7899: gcc -c -g -O2  conftest.c >&5
configure:7902: /usr/bin/nm -B "conftest.o"
configure:7905: output
0000000000000000 B some_variable
configure:7912: result: BSD nm
configure:7915: checking whether ln -s works
configure:7919: result: yes
configure:7927: checking the maximum length of command line arguments
configure:8058: result: 1572864
configure:8106: checking how to convert x86_64-unknown-linux-gnu file names to x86_64-unknown-linux-gnu format
configure:8146: result: func_convert_file_noop
configure:8153: checking how to convert x86_64-unknown-linux-gnu file names to toolchain format
configure:8173: result: func_convert_file_noop
configure:8180: checking for /usr/bin/ld option to reload object files
configure:8187: result: -r
configure:8261: checking for objdump
configure:8277: found /usr/bin/objdump
configure:8288: result: objdump
configure:8317: checking how to recognize dependent libraries
configure:8517: result: pass_all
configure:8602: checking for dlltool
configure:8632: result: no
configure:8659: checking how to associate runtime and link libraries
configure:8686: result: printf %s\n
configure:8810: checking for archiver @FILE support
configure:8827: gcc -c -g -O2  conftest.c >&5
configure:8827: $? = 0
configure:8830: ar cru libconftest.a @conftest.lst >&5
ar: `u' modifier ignored since `D' is the default (see `U')
configure:8833: $? = 0
configure:8838: ar cru libconftest.a @conftest.lst >&5
ar: `u' modifier ignored since `D' is the default (see `U')
ar: conftest.o: No such file or directory
configure:8841: $? = 1
configure:8853: result: @
configure:8911: checking for strip
configure:8927: found /usr/bin/strip
configure:8938: result: strip
configure:9010: checking for ranlib
configure:9026: found /usr/bin/ranlib
configure:9037: result: ranlib
configure:9139: checking command to parse /usr/bin/nm -B output from gcc object
configure:9292: gcc -c -g -O2  conftest.c >&5
configure:9295: $? = 0
configure:9299: /usr/bin/nm -B conftest.o \| sed -n -e 's/^.*[ ]\([ABCDGIRSTW][ABCDGIRSTW]*\)[ ][ ]*\([_A-Za-z][_A-Za-z0-9]*\)$/\1 \2 \2/p' | sed '/ __gnu_lto/d' \> conftest.nm
configure:9302: $? = 0
configure:9368: gcc -o conftest -g -O2   conftest.c conftstm.o >&5
configure:9371: $? = 0
configure:9409: result: ok
configure:9456: checking for sysroot
configure:9486: result: no
configure:9493: checking for a working dd
configure:9531: result: /usr/bin/dd
configure:9535: checking how to truncate binary pipes
configure:9550: result: /usr/bin/dd bs=4096 count=1
configure:9686: gcc -c -g -O2  conftest.c >&5
configure:9689: $? = 0
configure:9879: checking for mt
configure:9909: result: no
configure:9929: checking if : is a manifest tool
configure:9935: : '-?'
configure:9943: result: no
configure:10620: checking how to run the C preprocessor
configure:10651: gcc -E  conftest.c
configure:10651: $? = 0
configure:10665: gcc -E  conftest.c
conftest.c:11:28: fatal error: ac_nonexistent.h: No such file or directory
compilation terminated.
configure:10665: $? = 1
configure: failed program was:
| /* confdefs.h */
| #define PACKAGE_NAME "libdc1394"
| #define PACKAGE_TARNAME "libdc1394"
| #define PACKAGE_VERSION "2.2.4"
| #define PACKAGE_STRING "libdc1394 2.2.4"
| #define PACKAGE_BUGREPORT "libdc1394-devel@lists.sf.net"
| #define PACKAGE_URL ""
| #define PACKAGE "libdc1394"
| #define VERSION "2.2.4"
| /* end confdefs.h.  */
| #include <ac_nonexistent.h>
configure:10690: result: gcc -E
configure:10710: gcc -E  conftest.c
configure:10710: $? = 0
configure:10724: gcc -E  conftest.c
conftest.c:11:28: fatal error: ac_nonexistent.h: No such file or directory
compilation terminated.
configure:10724: $? = 1
configure: failed program was:
| /* confdefs.h */
| #define PACKAGE_NAME "libdc1394"
| #define PACKAGE_TARNAME "libdc1394"
| #define PACKAGE_VERSION "2.2.4"
| #define PACKAGE_STRING "libdc1394 2.2.4"
| #define PACKAGE_BUGREPORT "libdc1394-devel@lists.sf.net"
| #define PACKAGE_URL ""
| #define PACKAGE "libdc1394"
| #define VERSION "2.2.4"
| /* end confdefs.h.  */
| #include <ac_nonexistent.h>
configure:10753: checking for ANSI C header files
configure:10773: gcc -c -g -O2  conftest.c >&5
configure:10773: $? = 0
configure:10846: gcc -o conftest -g -O2   conftest.c  >&5
configure:10846: $? = 0
configure:10846: ./conftest
configure:10846: $? = 0
configure:10857: result: yes
configure:10870: checking for sys/types.h
configure:10870: gcc -c -g -O2  conftest.c >&5
configure:10870: $? = 0
configure:10870: result: yes
configure:10870: checking for sys/stat.h
configure:10870: gcc -c -g -O2  conftest.c >&5
configure:10870: $? = 0
configure:10870: result: yes
configure:10870: checking for stdlib.h
configure:10870: gcc -c -g -O2  conftest.c >&5
configure:10870: $? = 0
configure:10870: result: yes
configure:10870: checking for string.h
configure:10870: gcc -c -g -O2  conftest.c >&5
configure:10870: $? = 0
configure:10870: result: yes
configure:10870: checking for memory.h
configure:10870: gcc -c -g -O2  conftest.c >&5
configure:10870: $? = 0
configure:10870: result: yes
configure:10870: checking for strings.h
configure:10870: gcc -c -g -O2  conftest.c >&5
configure:10870: $? = 0
configure:10870: result: yes
configure:10870: checking for inttypes.h
configure:10870: gcc -c -g -O2  conftest.c >&5
configure:10870: $? = 0
configure:10870: result: yes
configure:10870: checking for stdint.h
configure:10870: gcc -c -g -O2  conftest.c >&5
configure:10870: $? = 0
configure:10870: result: yes
configure:10870: checking for unistd.h
configure:10870: gcc -c -g -O2  conftest.c >&5
configure:10870: $? = 0
configure:10870: result: yes
configure:10884: checking for dlfcn.h
configure:10884: gcc -c -g -O2  conftest.c >&5
configure:10884: $? = 0
configure:10884: result: yes
configure:11138: checking for objdir
configure:11153: result: .libs
configure:11417: checking if gcc supports -fno-rtti -fno-exceptions
configure:11435: gcc -c -g -O2  -fno-rtti -fno-exceptions conftest.c >&5
cc1: warning: command line option '-fno-rtti' is valid for C++/ObjC++ but not for C
cc1: warning: command line option '-fno-rtti' is valid for C++/ObjC++ but not for C
configure:11439: $? = 0
configure:11452: result: no
configure:11810: checking for gcc option to produce PIC
configure:11817: result: -fPIC -DPIC
configure:11825: checking if gcc PIC flag -fPIC -DPIC works
configure:11843: gcc -c -g -O2  -fPIC -DPIC -DPIC conftest.c >&5
configure:11847: $? = 0
configure:11860: result: yes
configure:11889: checking if gcc static flag -static works
configure:11917: result: no
configure:11932: checking if gcc supports -c -o file.o
configure:11953: gcc -c -g -O2  -o out/conftest2.o conftest.c >&5
configure:11957: $? = 0
configure:11979: result: yes
configure:11987: checking if gcc supports -c -o file.o
configure:12034: result: yes
configure:12067: checking whether the gcc linker (/usr/bin/ld -m elf_x86_64) supports shared libraries
configure:13326: result: yes
configure:13566: checking dynamic linker characteristics
configure:14147: gcc -o conftest -g -O2   -Wl,-rpath -Wl,/foo conftest.c  >&5
configure:14147: $? = 0
configure:14387: result: GNU/Linux ld.so
configure:14509: checking how to hardcode library paths into programs
configure:14534: result: immediate
configure:15082: checking whether stripping libraries is possible
configure:15087: result: yes
configure:15122: checking if libtool supports shared libraries
configure:15124: result: yes
configure:15127: checking whether to build shared libraries
configure:15152: result: no
configure:15155: checking whether to build static libraries
configure:15159: result: yes
configure:15247: checking for pkg-config
configure:15265: found /usr/bin/pkg-config
configure:15277: result: /usr/bin/pkg-config
configure:15302: checking pkg-config is at least version 0.9.0
configure:15305: result: yes
configure:15316: checking for C/C++ restrict keyword
configure:15341: gcc -c -g -O2  conftest.c >&5
configure:15341: $? = 0
configure:15349: result: __restrict
configure:15363: checking for pow in -lm
configure:15388: gcc -o conftest -g -O2   conftest.c -lm   >&5
conftest.c:31:6: warning: conflicting types for built-in function 'pow'
 char pow ();
      ^
configure:15388: $? = 0
configure:15397: result: yes
configure:15406: checking for LIBUSB
configure:15469: result: yes
configure:15519: checking for sdl-config
configure:15550: result: no
configure:15559: checking for SDL - version >= 1.2.4
configure:15663: result: no
configure:15737: checking for raw1394_channel_modify in -lraw1394
configure:15762: gcc -o conftest -g -O2   conftest.c -lraw1394  -lm  >&5
/usr/bin/ld: cannot find -lraw1394
collect2: error: ld returned 1 exit status
configure:15762: $? = 1
configure: failed program was:
| /* confdefs.h */
| #define PACKAGE_NAME "libdc1394"
| #define PACKAGE_TARNAME "libdc1394"
| #define PACKAGE_VERSION "2.2.4"
| #define PACKAGE_STRING "libdc1394 2.2.4"
| #define PACKAGE_BUGREPORT "libdc1394-devel@lists.sf.net"
| #define PACKAGE_URL ""
| #define PACKAGE "libdc1394"
| #define VERSION "2.2.4"
| #define STDC_HEADERS 1
| #define HAVE_SYS_TYPES_H 1
| #define HAVE_SYS_STAT_H 1
| #define HAVE_STDLIB_H 1
| #define HAVE_STRING_H 1
| #define HAVE_MEMORY_H 1
| #define HAVE_STRINGS_H 1
| #define HAVE_INTTYPES_H 1
| #define HAVE_STDINT_H 1
| #define HAVE_UNISTD_H 1
| #define HAVE_DLFCN_H 1
| #define LT_OBJDIR ".libs/"
| #define restrict __restrict
| #define HAVE_LIBUSB /**/
| #define HAVE_LINUX /**/
| /* end confdefs.h.  */
| 
| /* Override any GCC internal prototype to avoid an error.
|    Use char because int might match the return type of a GCC
|    builtin and then its argument prototype would still apply.  */
| #ifdef __cplusplus
| extern "C"
| #endif
| char raw1394_channel_modify ();
| int
| main ()
| {
| return raw1394_channel_modify ();
|   ;
|   return 0;
| }
configure:15771: result: no
configure:15778: WARNING: libraw1394 not found or too old. Please upgrade to 1.2.0 or a more recent version.
configure:15887: checking for main in -lGL
configure:15906: gcc -o conftest -g -O2   conftest.c -lGL  -lm  >&5
configure:15906: $? = 0
configure:15915: result: yes
configure:16019: checking linux/videodev.h usability
configure:16019: gcc -c -g -O2  conftest.c >&5
conftest.c:60:28: fatal error: linux/videodev.h: No such file or directory
compilation terminated.
configure:16019: $? = 1
configure: failed program was:
| /* confdefs.h */
| #define PACKAGE_NAME "libdc1394"
| #define PACKAGE_TARNAME "libdc1394"
| #define PACKAGE_VERSION "2.2.4"
| #define PACKAGE_STRING "libdc1394 2.2.4"
| #define PACKAGE_BUGREPORT "libdc1394-devel@lists.sf.net"
| #define PACKAGE_URL ""
| #define PACKAGE "libdc1394"
| #define VERSION "2.2.4"
| #define STDC_HEADERS 1
| #define HAVE_SYS_TYPES_H 1
| #define HAVE_SYS_STAT_H 1
| #define HAVE_STDLIB_H 1
| #define HAVE_STRING_H 1
| #define HAVE_MEMORY_H 1
| #define HAVE_STRINGS_H 1
| #define HAVE_INTTYPES_H 1
| #define HAVE_STDINT_H 1
| #define HAVE_UNISTD_H 1
| #define HAVE_DLFCN_H 1
| #define LT_OBJDIR ".libs/"
| #define restrict __restrict
| #define HAVE_LIBUSB /**/
| #define HAVE_LINUX /**/
| #define HAVE_OPENGL 1
| /* end confdefs.h.  */
| #include <stdio.h>
| #ifdef HAVE_SYS_TYPES_H
| # include <sys/types.h>
| #endif
| #ifdef HAVE_SYS_STAT_H
| # include <sys/stat.h>
| #endif
| #ifdef STDC_HEADERS
| # include <stdlib.h>
| # include <stddef.h>
| #else
| # ifdef HAVE_STDLIB_H
| #  include <stdlib.h>
| # endif
| #endif
| #ifdef HAVE_STRING_H
| # if !defined STDC_HEADERS && defined HAVE_MEMORY_H
| #  include <memory.h>
| # endif
| # include <string.h>
| #endif
| #ifdef HAVE_STRINGS_H
| # include <strings.h>
| #endif
| #ifdef HAVE_INTTYPES_H
| # include <inttypes.h>
| #endif
| #ifdef HAVE_STDINT_H
| # include <stdint.h>
| #endif
| #ifdef HAVE_UNISTD_H
| # include <unistd.h>
| #endif
| #include <linux/videodev.h>
configure:16019: result: no
configure:16019: checking linux/videodev.h presence
configure:16019: gcc -E  conftest.c
conftest.c:27:28: fatal error: linux/videodev.h: No such file or directory
compilation terminated.
configure:16019: $? = 1
configure: failed program was:
| /* confdefs.h */
| #define PACKAGE_NAME "libdc1394"
| #define PACKAGE_TARNAME "libdc1394"
| #define PACKAGE_VERSION "2.2.4"
| #define PACKAGE_STRING "libdc1394 2.2.4"
| #define PACKAGE_BUGREPORT "libdc1394-devel@lists.sf.net"
| #define PACKAGE_URL ""
| #define PACKAGE "libdc1394"
| #define VERSION "2.2.4"
| #define STDC_HEADERS 1
| #define HAVE_SYS_TYPES_H 1
| #define HAVE_SYS_STAT_H 1
| #define HAVE_STDLIB_H 1
| #define HAVE_STRING_H 1
| #define HAVE_MEMORY_H 1
| #define HAVE_STRINGS_H 1
| #define HAVE_INTTYPES_H 1
| #define HAVE_STDINT_H 1
| #define HAVE_UNISTD_H 1
| #define HAVE_DLFCN_H 1
| #define LT_OBJDIR ".libs/"
| #define restrict __restrict
| #define HAVE_LIBUSB /**/
| #define HAVE_LINUX /**/
| #define HAVE_OPENGL 1
| /* end confdefs.h.  */
| #include <linux/videodev.h>
configure:16019: result: no
configure:16019: checking for linux/videodev.h
configure:16019: result: no
configure:16056: checking for Xv extensions
configure:16073: gcc -c -g -O2  conftest.c >&5
conftest.c:29:42: fatal error: X11/extensions/Xvlib.h: No such file or directory
compilation terminated.
configure:16073: $? = 1
configure: failed program was:
| /* confdefs.h */
| #define PACKAGE_NAME "libdc1394"
| #define PACKAGE_TARNAME "libdc1394"
| #define PACKAGE_VERSION "2.2.4"
| #define PACKAGE_STRING "libdc1394 2.2.4"
| #define PACKAGE_BUGREPORT "libdc1394-devel@lists.sf.net"
| #define PACKAGE_URL ""
| #define PACKAGE "libdc1394"
| #define VERSION "2.2.4"
| #define STDC_HEADERS 1
| #define HAVE_SYS_TYPES_H 1
| #define HAVE_SYS_STAT_H 1
| #define HAVE_STDLIB_H 1
| #define HAVE_STRING_H 1
| #define HAVE_MEMORY_H 1
| #define HAVE_STRINGS_H 1
| #define HAVE_INTTYPES_H 1
| #define HAVE_STDINT_H 1
| #define HAVE_UNISTD_H 1
| #define HAVE_DLFCN_H 1
| #define LT_OBJDIR ".libs/"
| #define restrict __restrict
| #define HAVE_LIBUSB /**/
| #define HAVE_LINUX /**/
| #define HAVE_OPENGL 1
| /* end confdefs.h.  */
| 
|         #include <X11/Xlib.h>
|         #include <X11/extensions/Xvlib.h>
| int
| main ()
| {
| 
|         int main(void) { (void) XvGetPortAttribute(0, 0, 0, 0); return 0; }
| 
|   ;
|   return 0;
| }
configure:16079: result: no
configure:16095: checking for ANSI C header files
configure:16199: result: yes
configure:16210: checking for stdint.h
configure:16210: result: yes
configure:16210: checking fcntl.h usability
configure:16210: gcc -c -g -O2  conftest.c >&5
configure:16210: $? = 0
configure:16210: result: yes
configure:16210: checking fcntl.h presence
configure:16210: gcc -E  conftest.c
configure:16210: $? = 0
configure:16210: result: yes
configure:16210: checking for fcntl.h
configure:16210: result: yes
configure:16210: checking sys/ioctl.h usability
configure:16210: gcc -c -g -O2  conftest.c >&5
configure:16210: $? = 0
configure:16210: result: yes
configure:16210: checking sys/ioctl.h presence
configure:16210: gcc -E  conftest.c
configure:16210: $? = 0
configure:16210: result: yes
configure:16210: checking for sys/ioctl.h
configure:16210: result: yes
configure:16210: checking for unistd.h
configure:16210: result: yes
configure:16210: checking sys/mman.h usability
configure:16210: gcc -c -g -O2  conftest.c >&5
configure:16210: $? = 0
configure:16210: result: yes
configure:16210: checking sys/mman.h presence
configure:16210: gcc -E  conftest.c
configure:16210: $? = 0
configure:16210: result: yes
configure:16210: checking for sys/mman.h
configure:16210: result: yes
configure:16210: checking netinet/in.h usability
configure:16210: gcc -c -g -O2  conftest.c >&5
configure:16210: $? = 0
configure:16210: result: yes
configure:16210: checking netinet/in.h presence
configure:16210: gcc -E  conftest.c
configure:16210: $? = 0
configure:16210: result: yes
configure:16210: checking for netinet/in.h
configure:16210: result: yes
configure:16220: checking for X
configure:16328: gcc -E  conftest.c
configure:16328: $? = 0
configure:16359: gcc -o conftest -g -O2   conftest.c -lX11 -lm  >&5
configure:16359: $? = 0
configure:16409: result: libraries , headers 
configure:16508: gcc -o conftest -g -O2   conftest.c -lm   -lX11 >&5
configure:16508: $? = 0
configure:16606: checking for gethostbyname
configure:16606: gcc -o conftest -g -O2   conftest.c -lm  >&5
configure:16606: $? = 0
configure:16606: result: yes
configure:16703: checking for connect
configure:16703: gcc -o conftest -g -O2   conftest.c -lm  >&5
configure:16703: $? = 0
configure:16703: result: yes
configure:16752: checking for remove
configure:16752: gcc -o conftest -g -O2   conftest.c -lm  >&5
configure:16752: $? = 0
configure:16752: result: yes
configure:16801: checking for shmat
configure:16801: gcc -o conftest -g -O2   conftest.c -lm  >&5
configure:16801: $? = 0
configure:16801: result: yes
configure:16859: checking for IceConnectionNumber in -lICE
configure:16884: gcc -o conftest -g -O2   conftest.c -lICE  -lm  >&5
/usr/bin/ld: cannot find -lICE
collect2: error: ld returned 1 exit status
configure:16884: $? = 1
configure: failed program was:
| /* confdefs.h */
| #define PACKAGE_NAME "libdc1394"
| #define PACKAGE_TARNAME "libdc1394"
| #define PACKAGE_VERSION "2.2.4"
| #define PACKAGE_STRING "libdc1394 2.2.4"
| #define PACKAGE_BUGREPORT "libdc1394-devel@lists.sf.net"
| #define PACKAGE_URL ""
| #define PACKAGE "libdc1394"
| #define VERSION "2.2.4"
| #define STDC_HEADERS 1
| #define HAVE_SYS_TYPES_H 1
| #define HAVE_SYS_STAT_H 1
| #define HAVE_STDLIB_H 1
| #define HAVE_STRING_H 1
| #define HAVE_MEMORY_H 1
| #define HAVE_STRINGS_H 1
| #define HAVE_INTTYPES_H 1
| #define HAVE_STDINT_H 1
| #define HAVE_UNISTD_H 1
| #define HAVE_DLFCN_H 1
| #define LT_OBJDIR ".libs/"
| #define restrict __restrict
| #define HAVE_LIBUSB /**/
| #define HAVE_LINUX /**/
| #define HAVE_OPENGL 1
| #define STDC_HEADERS 1
| #define HAVE_STDINT_H 1
| #define HAVE_FCNTL_H 1
| #define HAVE_SYS_IOCTL_H 1
| #define HAVE_UNISTD_H 1
| #define HAVE_SYS_MMAN_H 1
| #define HAVE_NETINET_IN_H 1
| /* end confdefs.h.  */
| 
| /* Override any GCC internal prototype to avoid an error.
|    Use char because int might match the return type of a GCC
|    builtin and then its argument prototype would still apply.  */
| #ifdef __cplusplus
| extern "C"
| #endif
| char IceConnectionNumber ();
| int
| main ()
| {
| return IceConnectionNumber ();
|   ;
|   return 0;
| }
configure:16893: result: no
configure:16904: checking for size_t
configure:16904: gcc -c -g -O2  conftest.c >&5
configure:16904: $? = 0
configure:16904: gcc -c -g -O2  conftest.c >&5
conftest.c: In function 'main':
conftest.c:70:21: error: expected expression before ')' token
 if (sizeof ((size_t)))
                     ^
configure:16904: $? = 1
configure: failed program was:
| /* confdefs.h */
| #define PACKAGE_NAME "libdc1394"
| #define PACKAGE_TARNAME "libdc1394"
| #define PACKAGE_VERSION "2.2.4"
| #define PACKAGE_STRING "libdc1394 2.2.4"
| #define PACKAGE_BUGREPORT "libdc1394-devel@lists.sf.net"
| #define PACKAGE_URL ""
| #define PACKAGE "libdc1394"
| #define VERSION "2.2.4"
| #define STDC_HEADERS 1
| #define HAVE_SYS_TYPES_H 1
| #define HAVE_SYS_STAT_H 1
| #define HAVE_STDLIB_H 1
| #define HAVE_STRING_H 1
| #define HAVE_MEMORY_H 1
| #define HAVE_STRINGS_H 1
| #define HAVE_INTTYPES_H 1
| #define HAVE_STDINT_H 1
| #define HAVE_UNISTD_H 1
| #define HAVE_DLFCN_H 1
| #define LT_OBJDIR ".libs/"
| #define restrict __restrict
| #define HAVE_LIBUSB /**/
| #define HAVE_LINUX /**/
| #define HAVE_OPENGL 1
| #define STDC_HEADERS 1
| #define HAVE_STDINT_H 1
| #define HAVE_FCNTL_H 1
| #define HAVE_SYS_IOCTL_H 1
| #define HAVE_UNISTD_H 1
| #define HAVE_SYS_MMAN_H 1
| #define HAVE_NETINET_IN_H 1
| /* end confdefs.h.  */
| #include <stdio.h>
| #ifdef HAVE_SYS_TYPES_H
| # include <sys/types.h>
| #endif
| #ifdef HAVE_SYS_STAT_H
| # include <sys/stat.h>
| #endif
| #ifdef STDC_HEADERS
| # include <stdlib.h>
| # include <stddef.h>
| #else
| # ifdef HAVE_STDLIB_H
| #  include <stdlib.h>
| # endif
| #endif
| #ifdef HAVE_STRING_H
| # if !defined STDC_HEADERS && defined HAVE_MEMORY_H
| #  include <memory.h>
| # endif
| # include <string.h>
| #endif
| #ifdef HAVE_STRINGS_H
| # include <strings.h>
| #endif
| #ifdef HAVE_INTTYPES_H
| # include <inttypes.h>
| #endif
| #ifdef HAVE_STDINT_H
| # include <stdint.h>
| #endif
| #ifdef HAVE_UNISTD_H
| # include <unistd.h>
| #endif
| int
| main ()
| {
| if (sizeof ((size_t)))
| 	    return 0;
|   ;
|   return 0;
| }
configure:16904: result: yes
configure:16922: checking for stdlib.h
configure:16922: result: yes
configure:16922: checking for unistd.h
configure:16922: result: yes
configure:16922: checking for sys/param.h
configure:16922: gcc -c -g -O2  conftest.c >&5
configure:16922: $? = 0
configure:16922: result: yes
configure:16942: checking for getpagesize
configure:16942: gcc -o conftest -g -O2   conftest.c -lm  >&5
configure:16942: $? = 0
configure:16942: result: yes
configure:16951: checking for working mmap
configure:17098: gcc -o conftest -g -O2   conftest.c -lm  >&5
configure:17098: $? = 0
configure:17098: ./conftest
configure:17098: $? = 0
configure:17108: result: yes
configure:17330: checking that generated files are newer than configure
configure:17336: result: done
configure:17399: creating ./config.status

## ---------------------- ##
## Running config.status. ##
## ---------------------- ##

This file was extended by libdc1394 config.status 2.2.4, which was
generated by GNU Autoconf 2.69.  Invocation command line was

  CONFIG_FILES    = 
  CONFIG_HEADERS  = 
  CONFIG_LINKS    = 
  CONFIG_COMMANDS = 
  $ ./config.status 

on D-10-155-95-56.dhcp4.washington.edu

config.status:1200: creating Makefile
config.status:1200: creating libdc1394-2.pc
config.status:1200: creating dc1394/Makefile
config.status:1200: creating dc1394/linux/Makefile
config.status:1200: creating dc1394/juju/Makefile
config.status:1200: creating dc1394/macosx/Makefile
config.status:1200: creating dc1394/windows/Makefile
config.status:1200: creating dc1394/usb/Makefile
config.status:1200: creating dc1394/vendor/Makefile
config.status:1200: creating examples/Makefile
config.status:1200: creating config.h
config.status:1381: config.h is unchanged
config.status:1429: executing depfiles commands
config.status:1429: executing libtool commands

## ---------------- ##
## Cache variables. ##
## ---------------- ##

ac_cv_build=x86_64-unknown-linux-gnu
ac_cv_c_compiler_gnu=yes
ac_cv_c_restrict=__restrict
ac_cv_env_CC_set=
ac_cv_env_CC_value=
ac_cv_env_CFLAGS_set=
ac_cv_env_CFLAGS_value=
ac_cv_env_CPPFLAGS_set=
ac_cv_env_CPPFLAGS_value=
ac_cv_env_CPP_set=
ac_cv_env_CPP_value=
ac_cv_env_DOXYGEN_PAPER_SIZE_set=
ac_cv_env_DOXYGEN_PAPER_SIZE_value=
ac_cv_env_LDFLAGS_set=
ac_cv_env_LDFLAGS_value=
ac_cv_env_LIBS_set=
ac_cv_env_LIBS_value=
ac_cv_env_LIBUSB_CFLAGS_set=set
ac_cv_env_LIBUSB_CFLAGS_value=-I/home/oliver/dev/oacapture-1.0.0/ext/libusb/libusb-1.0
ac_cv_env_LIBUSB_LIBS_set=set
ac_cv_env_LIBUSB_LIBS_value=/home/oliver/dev/oacapture-1.0.0/ext/libusb/libusb-1.0/libusb-1.0.la
ac_cv_env_LT_SYS_LIBRARY_PATH_set=
ac_cv_env_LT_SYS_LIBRARY_PATH_value=
ac_cv_env_PKG_CONFIG_set=
ac_cv_env_PKG_CONFIG_value=
ac_cv_env_XMKMF_set=
ac_cv_env_XMKMF_value=
ac_cv_env_build_alias_set=
ac_cv_env_build_alias_value=
ac_cv_env_host_alias_set=
ac_cv_env_host_alias_value=
ac_cv_env_target_alias_set=
ac_cv_env_target_alias_value=
ac_cv_func_connect=yes
ac_cv_func_gethostbyname=yes
ac_cv_func_getpagesize=yes
ac_cv_func_mmap_fixed_mapped=yes
ac_cv_func_remove=yes
ac_cv_func_shmat=yes
ac_cv_have_x='have_x=yes	ac_x_includes='\'''\''	ac_x_libraries='\'''\'''
ac_cv_header_dlfcn_h=yes
ac_cv_header_fcntl_h=yes
ac_cv_header_inttypes_h=yes
ac_cv_header_linux_videodev_h=no
ac_cv_header_memory_h=yes
ac_cv_header_netinet_in_h=yes
ac_cv_header_stdc=yes
ac_cv_header_stdint_h=yes
ac_cv_header_stdlib_h=yes
ac_cv_header_string_h=yes
ac_cv_header_strings_h=yes
ac_cv_header_sys_ioctl_h=yes
ac_cv_header_sys_mman_h=yes
ac_cv_header_sys_param_h=yes
ac_cv_header_sys_stat_h=yes
ac_cv_header_sys_types_h=yes
ac_cv_header_unistd_h=yes
ac_cv_host=x86_64-unknown-linux-gnu
ac_cv_lib_GL_main=yes
ac_cv_lib_ICE_IceConnectionNumber=no
ac_cv_lib_m_pow=yes
ac_cv_lib_raw1394_raw1394_channel_modify=no
ac_cv_objext=o
ac_cv_path_EGREP='/usr/bin/grep -E'
ac_cv_path_FGREP='/usr/bin/grep -F'
ac_cv_path_GREP=/usr/bin/grep
ac_cv_path_SDL_CONFIG=no
ac_cv_path_SED=/usr/bin/sed
ac_cv_path_ac_pt_DX_DOXYGEN=/usr/bin/doxygen
ac_cv_path_ac_pt_DX_PERL=/usr/bin/perl
ac_cv_path_ac_pt_PKG_CONFIG=/usr/bin/pkg-config
ac_cv_path_install='/usr/bin/install -c'
ac_cv_path_lt_DD=/usr/bin/dd
ac_cv_path_mkdir=/usr/bin/mkdir
ac_cv_prog_AWK=gawk
ac_cv_prog_CPP='gcc -E'
ac_cv_prog_ac_ct_AR=ar
ac_cv_prog_ac_ct_CC=gcc
ac_cv_prog_ac_ct_OBJDUMP=objdump
ac_cv_prog_ac_ct_RANLIB=ranlib
ac_cv_prog_ac_ct_STRIP=strip
ac_cv_prog_cc_c89=
ac_cv_prog_cc_g=yes
ac_cv_prog_make_make_set=yes
ac_cv_target=x86_64-unknown-linux-gnu
ac_cv_type_size_t=yes
am_cv_CC_dependencies_compiler_type=gcc3
am_cv_ar_interface=ar
am_cv_make_support_nested_variables=yes
am_cv_prog_cc_c_o=yes
lt_cv_ar_at_file=@
lt_cv_deplibs_check_method=pass_all
lt_cv_file_magic_cmd='$MAGIC_CMD'
lt_cv_file_magic_test_file=
lt_cv_ld_reload_flag=-r
lt_cv_nm_interface='BSD nm'
lt_cv_objdir=.libs
lt_cv_path_LD=/usr/bin/ld
lt_cv_path_NM='/usr/bin/nm -B'
lt_cv_path_mainfest_tool=no
lt_cv_prog_compiler_c_o=yes
lt_cv_prog_compiler_pic='-fPIC -DPIC'
lt_cv_prog_compiler_pic_works=yes
lt_cv_prog_compiler_rtti_exceptions=no
lt_cv_prog_compiler_static_works=no
lt_cv_prog_gnu_ld=yes
lt_cv_sharedlib_from_linklib_cmd='printf %s\n'
lt_cv_shlibpath_overrides_runpath=no
lt_cv_sys_global_symbol_pipe='sed -n -e '\''s/^.*[	 ]\([ABCDGIRSTW][ABCDGIRSTW]*\)[	 ][	 ]*\([_A-Za-z][_A-Za-z0-9]*\)$/\1 \2 \2/p'\'' | sed '\''/ __gnu_lto/d'\'''
lt_cv_sys_global_symbol_to_c_name_address='sed -n -e '\''s/^: \(.*\) .*$/  {"\1", (void *) 0},/p'\'' -e '\''s/^[ABCDGIRSTW][ABCDGIRSTW]* .* \(.*\)$/  {"\1", (void *) \&\1},/p'\'''
lt_cv_sys_global_symbol_to_c_name_address_lib_prefix='sed -n -e '\''s/^: \(.*\) .*$/  {"\1", (void *) 0},/p'\'' -e '\''s/^[ABCDGIRSTW][ABCDGIRSTW]* .* \(lib.*\)$/  {"\1", (void *) \&\1},/p'\'' -e '\''s/^[ABCDGIRSTW][ABCDGIRSTW]* .* \(.*\)$/  {"lib\1", (void *) \&\1},/p'\'''
lt_cv_sys_global_symbol_to_cdecl='sed -n -e '\''s/^T .* \(.*\)$/extern int \1();/p'\'' -e '\''s/^[ABCDGIRSTW][ABCDGIRSTW]* .* \(.*\)$/extern char \1;/p'\'''
lt_cv_sys_global_symbol_to_import=
lt_cv_sys_max_cmd_len=1572864
lt_cv_to_host_file_cmd=func_convert_file_noop
lt_cv_to_tool_file_cmd=func_convert_file_noop
lt_cv_truncate_bin='/usr/bin/dd bs=4096 count=1'
pkg_cv_LIBUSB_CFLAGS=-I/home/oliver/dev/oacapture-1.0.0/ext/libusb/libusb-1.0
pkg_cv_LIBUSB_LIBS=/home/oliver/dev/oacapture-1.0.0/ext/libusb/libusb-1.0/libusb-1.0.la

## ----------------- ##
## Output variables. ##
## ----------------- ##

ACLOCAL='${SHELL} /home/oliver/dev/oacapture-1.0.0/ext/libdc1394/missing aclocal-1.15'
AMDEPBACKSLASH='\'
AMDEP_FALSE='#'
AMDEP_TRUE=''
AMTAR='$${TAR-tar}'
AM_BACKSLASH='\'
AM_DEFAULT_V='$(AM_DEFAULT_VERBOSITY)'
AM_DEFAULT_VERBOSITY='1'
AM_V='$(V)'
AR='ar'
AS=''
AUTOCONF='${SHELL} /home/oliver/dev/oacapture-1.0.0/ext/libdc1394/missing autoconf'
AUTOHEADER='${SHELL} /home/oliver/dev/oacapture-1.0.0/ext/libdc1394/missing autoheader'
AUTOMAKE='${SHELL} /home/oliver/dev/oacapture-1.0.0/ext/libdc1394/missing automake-1.15'
AWK='gawk'
CC='gcc'
CCDEPMODE='depmode=gcc3'
CFLAGS='-Wall -Wunused -std=gnu99 -g -O2'
CPP='gcc -E'
CPPFLAGS=''
CYGPATH_W='echo'
DEFS='-DHAVE_CONFIG_H'
DEPDIR='.deps'
DLLTOOL='false'
DOXYGEN_PAPER_SIZE=''
DSYMUTIL=''
DUMPBIN=''
DX_COND_chi_FALSE=''
DX_COND_chi_TRUE='#'
DX_COND_chm_FALSE=''
DX_COND_chm_TRUE='#'
DX_COND_doc_FALSE='#'
DX_COND_doc_TRUE=''
DX_COND_dot_FALSE=''
DX_COND_dot_TRUE='#'
DX_COND_html_FALSE=''
DX_COND_html_TRUE='#'
DX_COND_latex_FALSE=''
DX_COND_latex_TRUE='#'
DX_COND_man_FALSE=''
DX_COND_man_TRUE='#'
DX_COND_pdf_FALSE=''
DX_COND_pdf_TRUE='#'
DX_COND_ps_FALSE=''
DX_COND_ps_TRUE='#'
DX_COND_rtf_FALSE=''
DX_COND_rtf_TRUE='#'
DX_COND_xml_FALSE=''
DX_COND_xml_TRUE='#'
DX_CONFIG='Doxyfile.in'
DX_DOCDIR='doc'
DX_DOT=''
DX_DOXYGEN='/usr/bin/doxygen'
DX_DVIPS=''
DX_EGREP=''
DX_ENV=' SRCDIR='\''.'\'' PROJECT='\''libdc1394'\'' DOCDIR='\''doc'\'' VERSION='\''2.2.4'\'' PERL_PATH='\''/usr/bin/perl'\'' HAVE_DOT='\''NO'\'' GENERATE_MAN='\''NO'\'' GENERATE_RTF='\''NO'\'' GENERATE_XML='\''NO'\'' GENERATE_HTMLHELP='\''NO'\'' GENERATE_CHI='\''NO'\'' GENERATE_HTML='\''NO'\'' GENERATE_LATEX='\''NO'\'''
DX_FLAG_chi='0'
DX_FLAG_chm='0'
DX_FLAG_doc='1'
DX_FLAG_dot='0'
DX_FLAG_html='0'
DX_FLAG_man='0'
DX_FLAG_pdf='0'
DX_FLAG_ps='0'
DX_FLAG_rtf='0'
DX_FLAG_xml='0'
DX_HHC=''
DX_LATEX=''
DX_MAKEINDEX=''
DX_PDFLATEX=''
DX_PERL='/usr/bin/perl'
DX_PROJECT='libdc1394'
ECHO_C=''
ECHO_N='-n'
ECHO_T=''
EGREP='/usr/bin/grep -E'
EXEEXT=''
FGREP='/usr/bin/grep -F'
FRAMEWORK_IOKIT=''
GREP='/usr/bin/grep'
HAVE_LIBRAW1394_FALSE=''
HAVE_LIBRAW1394_TRUE='#'
HAVE_LIBSDL_FALSE=''
HAVE_LIBSDL_TRUE='#'
HAVE_LIBUSB_FALSE='#'
HAVE_LIBUSB_TRUE=''
HAVE_LINUX_FALSE='#'
HAVE_LINUX_TRUE=''
HAVE_MACOSX_FALSE=''
HAVE_MACOSX_TRUE='#'
HAVE_OPENGL_FALSE='#'
HAVE_OPENGL_TRUE=''
HAVE_VIDEODEV_FALSE=''
HAVE_VIDEODEV_TRUE='#'
HAVE_WINDOWS_FALSE=''
HAVE_WINDOWS_TRUE='#'
HAVE_XV_FALSE=''
HAVE_XV_TRUE='#'
INSTALL_DATA='${INSTALL} -m 644'
INSTALL_PROGRAM='${INSTALL}'
INSTALL_SCRIPT='${INSTALL}'
INSTALL_STRIP_PROGRAM='$(install_sh) -c -s'
LD='/usr/bin/ld -m elf_x86_64'
LDFLAGS=''
LIBOBJS=''
LIBS='-lm '
LIBTOOL='$(SHELL) $(top_builddir)/libtool'
LIBUSB_CFLAGS='-I/home/oliver/dev/oacapture-1.0.0/ext/libusb/libusb-1.0'
LIBUSB_LIBS='/home/oliver/dev/oacapture-1.0.0/ext/libusb/libusb-1.0/libusb-1.0.la'
LIPO=''
LN_S='ln -s'
LTLIBOBJS=''
LT_SYS_LIBRARY_PATH=''
MAKEINFO='${SHELL} /home/oliver/dev/oacapture-1.0.0/ext/libdc1394/missing makeinfo'
MAKE_EXAMPLES_FALSE=''
MAKE_EXAMPLES_TRUE='#'
MANIFEST_TOOL=':'
MKDIR_P='/usr/bin/mkdir -p'
NM='/usr/bin/nm -B'
NMEDIT=''
OBJDUMP='objdump'
OBJEXT='o'
OTOOL64=''
OTOOL=''
PACKAGE='libdc1394'
PACKAGE_BUGREPORT='libdc1394-devel@lists.sf.net'
PACKAGE_NAME='libdc1394'
PACKAGE_STRING='libdc1394 2.2.4'
PACKAGE_TARNAME='libdc1394'
PACKAGE_URL=''
PACKAGE_VERSION='2.2.4'
PATH_SEPARATOR=':'
PKG_CONFIG='/usr/bin/pkg-config'
RANLIB='ranlib'
SDL_CFLAGS=''
SDL_CONFIG='no'
SDL_LIBS=''
SED='/usr/bin/sed'
SET_MAKE=''
SHELL='/bin/sh'
STRIP='strip'
VERSION='2.2.4'
XMKMF=''
XV_CFLAGS=''
XV_LIBS=''
X_CFLAGS=''
X_EXTRA_LIBS=''
X_LIBS=''
X_PRE_LIBS=''
ac_ct_AR='ar'
ac_ct_CC='gcc'
ac_ct_DUMPBIN=''
am__EXEEXT_FALSE=''
am__EXEEXT_TRUE='#'
am__fastdepCC_FALSE='#'
am__fastdepCC_TRUE=''
am__include='include'
am__isrc=''
am__leading_dot='.'
am__nodep='_no'
am__quote=''
am__tar='$${TAR-tar} chof - "$$tardir"'
am__untar='$${TAR-tar} xf -'
bindir='${exec_prefix}/bin'
build='x86_64-unknown-linux-gnu'
build_alias=''
build_cpu='x86_64'
build_os='linux-gnu'
build_vendor='unknown'
datadir='${datarootdir}'
datarootdir='${prefix}/share'
docdir='${datarootdir}/doc/${PACKAGE_TARNAME}'
dvidir='${docdir}'
exec_prefix='${prefix}'
host='x86_64-unknown-linux-gnu'
host_alias=''
host_cpu='x86_64'
host_os='linux-gnu'
host_vendor='unknown'
htmldir='${docdir}'
includedir='${prefix}/include'
infodir='${datarootdir}/info'
install_sh='${SHELL} /home/oliver/dev/oacapture-1.0.0/ext/libdc1394/install-sh'
libdir='${exec_prefix}/lib'
libexecdir='${exec_prefix}/libexec'
localedir='${datarootdir}/locale'
localstatedir='${prefix}/var'
lt_age='1'
lt_current='23'
lt_revision='11'
mandir='${datarootdir}/man'
mkdir_p='$(MKDIR_P)'
oldincludedir='/usr/include'
pdfdir='${docdir}'
pkgincludedir='$(includedir)/dc1394'
platform_LDFLAGS=''
prefix='/usr/local'
program_transform_name='s,x,x,'
psdir='${docdir}'
sbindir='${exec_prefix}/sbin'
sharedstatedir='${prefix}/com'
sysconfdir='${prefix}/etc'
target='x86_64-unknown-linux-gnu'
target_alias=''
target_cpu='x86_64'
target_os='linux-gnu'
target_vendor='unknown'

## ----------- ##
## confdefs.h. ##
## ----------- ##

/* confdefs.h */
#define PACKAGE_NAME "libdc1394"
#define PACKAGE_TARNAME "libdc1394"
#define PACKAGE_VERSION "2.2.4"
#define PACKAGE_STRING "libdc1394 2.2.4"
#define PACKAGE_BUGREPORT "libdc1394-devel@lists.sf.net"
#define PACKAGE_URL ""
#define PACKAGE "libdc1394"
#define VERSION "2.2.4"
#define STDC_HEADERS 1
#define HAVE_SYS_TYPES_H 1
#define HAVE_SYS_STAT_H 1
#define HAVE_STDLIB_H 1
#define HAVE_STRING_H 1
#define HAVE_MEMORY_H 1
#define HAVE_STRINGS_H 1
#define HAVE_INTTYPES_H 1
#define HAVE_STDINT_H 1
#define HAVE_UNISTD_H 1
#define HAVE_DLFCN_H 1
#define LT_OBJDIR ".libs/"
#define restrict __restrict
#define HAVE_LIBUSB /**/
#define HAVE_LINUX /**/
#define HAVE_OPENGL 1
#define STDC_HEADERS 1
#define HAVE_STDINT_H 1
#define HAVE_FCNTL_H 1
#define HAVE_SYS_IOCTL_H 1
#define HAVE_UNISTD_H 1
#define HAVE_SYS_MMAN_H 1
#define HAVE_NETINET_IN_H 1
#define HAVE_STDLIB_H 1
#define HAVE_UNISTD_H 1
#define HAVE_SYS_PARAM_H 1
#define HAVE_GETPAGESIZE 1
#define HAVE_MMAP 1

configure: exit 0
